<?xml version="1.0" encoding="UTF-8"?>
<!-- Generated by org.testng.reporters.JUnitReportReporter -->
<testsuite hostname="SPB" failures="0" tests="1" name="cucumberTestRunner.TestRunner" time="14.828" errors="0" timestamp="2024-12-30T20:39:51 IST" skipped="0">
  <testcase classname="cucumberTestRunner.TestRunner" name="runScenario" time="14.828"/>
</testsuite> <!-- cucumberTestRunner.TestRunner -->
